[20-Feb-2020 21:16:10 UTC] PHP Parse error:  syntax error, unexpected ')' in /Users/jacobthomas/Local Sites/fictional-university/app/public/wp-content/themes/fictional-univerity-theme/index.php on line 7
[20-Feb-2020 21:17:22 UTC] PHP Parse error:  syntax error, unexpected '$count' (T_VARIABLE), expecting ',' or ';' in /Users/jacobthomas/Local Sites/fictional-university/app/public/wp-content/themes/fictional-univerity-theme/index.php on line 9
[20-Feb-2020 22:47:35 UTC] PHP Warning:  Use of undefined constant the_title - assumed 'the_title' (this will throw an Error in a future version of PHP) in /Users/jacobthomas/Local Sites/fictional-university/app/public/wp-content/themes/fictional-univerity-theme/index.php on line 5
[20-Feb-2020 22:47:35 UTC] PHP Stack trace:
[20-Feb-2020 22:47:35 UTC] PHP   1. {main}() /Users/jacobthomas/Local Sites/fictional-university/app/public/index.php:0
[20-Feb-2020 22:47:35 UTC] PHP   2. require() /Users/jacobthomas/Local Sites/fictional-university/app/public/index.php:17
[20-Feb-2020 22:47:35 UTC] PHP   3. require_once() /Users/jacobthomas/Local Sites/fictional-university/app/public/wp-blog-header.php:19
[20-Feb-2020 22:47:35 UTC] PHP   4. include() /Users/jacobthomas/Local Sites/fictional-university/app/public/wp-includes/template-loader.php:98
[20-Feb-2020 22:47:35 UTC] PHP Warning:  Use of undefined constant the_title - assumed 'the_title' (this will throw an Error in a future version of PHP) in /Users/jacobthomas/Local Sites/fictional-university/app/public/wp-content/themes/fictional-univerity-theme/index.php on line 5
[20-Feb-2020 22:47:35 UTC] PHP Stack trace:
[20-Feb-2020 22:47:35 UTC] PHP   1. {main}() /Users/jacobthomas/Local Sites/fictional-university/app/public/index.php:0
[20-Feb-2020 22:47:35 UTC] PHP   2. require() /Users/jacobthomas/Local Sites/fictional-university/app/public/index.php:17
[20-Feb-2020 22:47:35 UTC] PHP   3. require_once() /Users/jacobthomas/Local Sites/fictional-university/app/public/wp-blog-header.php:19
[20-Feb-2020 22:47:35 UTC] PHP   4. include() /Users/jacobthomas/Local Sites/fictional-university/app/public/wp-includes/template-loader.php:98
[20-Feb-2020 22:47:35 UTC] PHP Warning:  Use of undefined constant the_title - assumed 'the_title' (this will throw an Error in a future version of PHP) in /Users/jacobthomas/Local Sites/fictional-university/app/public/wp-content/themes/fictional-univerity-theme/index.php on line 5
[20-Feb-2020 22:47:35 UTC] PHP Stack trace:
[20-Feb-2020 22:47:35 UTC] PHP   1. {main}() /Users/jacobthomas/Local Sites/fictional-university/app/public/index.php:0
[20-Feb-2020 22:47:35 UTC] PHP   2. require() /Users/jacobthomas/Local Sites/fictional-university/app/public/index.php:17
[20-Feb-2020 22:47:35 UTC] PHP   3. require_once() /Users/jacobthomas/Local Sites/fictional-university/app/public/wp-blog-header.php:19
[20-Feb-2020 22:47:35 UTC] PHP   4. include() /Users/jacobthomas/Local Sites/fictional-university/app/public/wp-includes/template-loader.php:98
