[20-Feb-2020 07:43:27] NOTICE: fpm is running, pid 65378
[20-Feb-2020 07:43:27] NOTICE: ready to handle connections
[20-Feb-2020 07:46:46] NOTICE: Terminating ...
[20-Feb-2020 07:46:46] NOTICE: Terminating ...
[20-Feb-2020 07:46:46] NOTICE: exiting, bye-bye!
[20-Feb-2020 07:47:09] NOTICE: fpm is running, pid 65578
[20-Feb-2020 07:47:09] NOTICE: ready to handle connections
[20-Feb-2020 07:51:37] NOTICE: Terminating ...
[20-Feb-2020 07:51:37] NOTICE: Terminating ...
[20-Feb-2020 07:51:37] NOTICE: exiting, bye-bye!
[20-Feb-2020 07:51:59] NOTICE: fpm is running, pid 65605
[20-Feb-2020 07:51:59] NOTICE: ready to handle connections
[20-Feb-2020 08:28:28] NOTICE: Terminating ...
[20-Feb-2020 08:28:28] NOTICE: Terminating ...
[20-Feb-2020 08:28:28] NOTICE: exiting, bye-bye!
[20-Feb-2020 08:28:53] NOTICE: fpm is running, pid 66046
[20-Feb-2020 08:28:53] NOTICE: ready to handle connections
[20-Feb-2020 17:43:16] NOTICE: Terminating ...
[20-Feb-2020 17:43:16] NOTICE: Terminating ...
[20-Feb-2020 17:43:16] NOTICE: exiting, bye-bye!
[24-Feb-2020 13:38:37] NOTICE: fpm is running, pid 79282
[24-Feb-2020 13:38:37] NOTICE: ready to handle connections
[26-Feb-2020 06:33:29] NOTICE: Terminating ...
[26-Feb-2020 06:33:29] NOTICE: Terminating ...
[26-Feb-2020 06:33:29] NOTICE: exiting, bye-bye!
[11-Mar-2020 17:42:33] NOTICE: fpm is running, pid 86386
[11-Mar-2020 17:42:33] NOTICE: ready to handle connections
[11-Mar-2020 17:43:33] NOTICE: Terminating ...
[11-Mar-2020 17:43:33] NOTICE: Terminating ...
[11-Mar-2020 17:43:33] NOTICE: exiting, bye-bye!
[12-Mar-2020 12:30:18] NOTICE: fpm is running, pid 87897
[12-Mar-2020 12:30:18] NOTICE: ready to handle connections
[13-Mar-2020 11:31:32] NOTICE: Terminating ...
[13-Mar-2020 11:31:32] NOTICE: Terminating ...
[13-Mar-2020 11:31:32] NOTICE: exiting, bye-bye!
[18-Mar-2020 11:34:57] NOTICE: fpm is running, pid 95541
[18-Mar-2020 11:34:57] NOTICE: ready to handle connections
